0 info it worked if it ends with ok
1 verbose cli [ '/home/clayton/.nvm/v0.10.29/bin/node',
1 verbose cli   '/home/clayton/.nvm/v0.10.29/bin/npm',
1 verbose cli   'install',
1 verbose cli   'grunt-contrib-smushit',
1 verbose cli   '--save' ]
2 info using npm@1.4.14
3 info using node@v0.10.29
4 warn package.json my-web-app@0.1.0 No repository field.
5 verbose readDependencies using package.json deps
6 verbose cache add [ 'grunt-contrib-smushit', null ]
7 verbose cache add name=undefined spec="grunt-contrib-smushit" args=["grunt-contrib-smushit",null]
8 verbose parsed url { protocol: null,
8 verbose parsed url   slashes: null,
8 verbose parsed url   auth: null,
8 verbose parsed url   host: null,
8 verbose parsed url   port: null,
8 verbose parsed url   hostname: null,
8 verbose parsed url   hash: null,
8 verbose parsed url   search: null,
8 verbose parsed url   query: null,
8 verbose parsed url   pathname: 'grunt-contrib-smushit',
8 verbose parsed url   path: 'grunt-contrib-smushit',
8 verbose parsed url   href: 'grunt-contrib-smushit' }
9 silly lockFile e9f74814-grunt-contrib-smushit grunt-contrib-smushit
10 verbose lock grunt-contrib-smushit /home/clayton/.npm/e9f74814-grunt-contrib-smushit.lock
11 silly lockFile e9f74814-grunt-contrib-smushit grunt-contrib-smushit
12 silly lockFile e9f74814-grunt-contrib-smushit grunt-contrib-smushit
13 verbose addNamed [ 'grunt-contrib-smushit', '' ]
14 verbose addNamed [ null, '*' ]
15 silly lockFile 8584d3a6-grunt-contrib-smushit grunt-contrib-smushit@
16 verbose lock grunt-contrib-smushit@ /home/clayton/.npm/8584d3a6-grunt-contrib-smushit.lock
17 silly addNameRange { name: 'grunt-contrib-smushit', range: '*', hasData: false }
18 verbose url raw grunt-contrib-smushit
19 verbose url resolving [ 'https://registry.npmjs.org/', './grunt-contrib-smushit' ]
20 verbose url resolved https://registry.npmjs.org/grunt-contrib-smushit
21 info trying registry request attempt 1 at 21:18:25
22 http GET https://registry.npmjs.org/grunt-contrib-smushit
23 http 404 https://registry.npmjs.org/grunt-contrib-smushit
24 verbose headers { date: 'Tue, 05 Aug 2014 03:18:26 GMT',
24 verbose headers   server: 'CouchDB/1.5.0 (Erlang OTP/R16B03)',
24 verbose headers   'content-type': 'application/json',
24 verbose headers   'cache-control': 'max-age=0',
24 verbose headers   'content-length': '52',
24 verbose headers   'accept-ranges': 'bytes',
24 verbose headers   via: '1.1 varnish',
24 verbose headers   age: '0',
24 verbose headers   'x-served-by': 'cache-sjc3130-SJC',
24 verbose headers   'x-cache': 'MISS',
24 verbose headers   'x-cache-hits': '0',
24 verbose headers   'x-timer': 'S1407208705.744969,VS0,VE348',
24 verbose headers   'keep-alive': 'timeout=10, max=50',
24 verbose headers   connection: 'Keep-Alive' }
25 silly registry.get cb [ 404,
25 silly registry.get   { date: 'Tue, 05 Aug 2014 03:18:26 GMT',
25 silly registry.get     server: 'CouchDB/1.5.0 (Erlang OTP/R16B03)',
25 silly registry.get     'content-type': 'application/json',
25 silly registry.get     'cache-control': 'max-age=0',
25 silly registry.get     'content-length': '52',
25 silly registry.get     'accept-ranges': 'bytes',
25 silly registry.get     via: '1.1 varnish',
25 silly registry.get     age: '0',
25 silly registry.get     'x-served-by': 'cache-sjc3130-SJC',
25 silly registry.get     'x-cache': 'MISS',
25 silly registry.get     'x-cache-hits': '0',
25 silly registry.get     'x-timer': 'S1407208705.744969,VS0,VE348',
25 silly registry.get     'keep-alive': 'timeout=10, max=50',
25 silly registry.get     connection: 'Keep-Alive' } ]
26 silly lockFile 8584d3a6-grunt-contrib-smushit grunt-contrib-smushit@
27 silly lockFile 8584d3a6-grunt-contrib-smushit grunt-contrib-smushit@
28 error 404 404 Not Found: grunt-contrib-smushit
28 error 404
28 error 404 'grunt-contrib-smushit' is not in the npm registry.
28 error 404 You should bug the author to publish it
28 error 404 It was specified as a dependency of 'my-web-app'
28 error 404
28 error 404 Note that you can also install from a
28 error 404 tarball, folder, or http url, or git url.
29 error System Linux 3.13.0-24-generic
30 error command "/home/clayton/.nvm/v0.10.29/bin/node" "/home/clayton/.nvm/v0.10.29/bin/npm" "install" "grunt-contrib-smushit" "--save"
31 error cwd /home/clayton/mtm370_SSD/project
32 error node -v v0.10.29
33 error npm -v 1.4.14
34 error code E404
35 verbose exit [ 1, true ]
